(spark.app.initial.jar.urls,spark://192.168.1.7:53815/jars/SparkSimpleApp-0.0.1-SNAPSHOT.jar)
(spark.jars,file:/Users/marwamostsafa/test-workspace/SparkSimpleApp/target/SparkSimpleApp-0.0.1-SNAPSHOT.jar)
(spark.app.initial.file.urls,file:///Users/marwamostsafa/Desktop/spark_test.py,file:///Users/marwamostsafa/Desktop/run_python_code.sh)
(spark.app.name,Spark Test)
(spark.driver.port,53815)
(spark.master,local[*])
(spark.submit.pyFiles,/Users/marwamostsafa/Desktop/spark_test.py)
(spark.executor.id,driver)
(spark.submit.deployMode,client)
(spark.driver.host,192.168.1.7)
(spark.app.id,local-1649815163029)
(spark.app.startTime,1649815161735)
(spark.files,file:///Users/marwamostsafa/Desktop/run_python_code.sh,file:///Users/marwamostsafa/Desktop/spark_test.py)
(spark.app.initial.jar.urls,spark://192.168.1.7:53815/jars/SparkSimpleApp-0.0.1-SNAPSHOT.jar)
(spark.jars,file:/Users/marwamostsafa/test-workspace/SparkSimpleApp/target/SparkSimpleApp-0.0.1-SNAPSHOT.jar)
(spark.app.initial.file.urls,file:///Users/marwamostsafa/Desktop/spark_test.py,file:///Users/marwamostsafa/Desktop/run_python_code.sh)
(spark.app.name,Spark Test)
(spark.driver.port,53815)
(spark.master,local[*])
(spark.submit.pyFiles,/Users/marwamostsafa/Desktop/spark_test.py)
(spark.executor.id,driver)
(spark.submit.deployMode,client)
(spark.driver.host,192.168.1.7)
(spark.app.id,local-1649815163029)
(spark.app.startTime,1649815161735)
(spark.files,file:///Users/marwamostsafa/Desktop/run_python_code.sh,file:///Users/marwamostsafa/Desktop/spark_test.py)
Execution time in nano: 23935896286ns
Execution time in ms by converting ns to ms: 23935ms
Execution time in ms : 23936ms
